<?xml version="1.0" encoding="UTF-8"?>
<testng-results ignored="0" total="1" passed="1" failed="0" skipped="0">
  <reporter-output>
  </reporter-output>
  <suite started-at="2026-05-11T12:00:56 IST" name="Surefire suite" finished-at="2026-05-11T12:01:02 IST" duration-ms="5533">
    <groups>
    </groups>
    <test started-at="2026-05-11T12:00:56 IST" name="Surefire test" finished-at="2026-05-11T12:01:02 IST" duration-ms="5533">
      <class name="testpackage.Testclass">
        <test-method signature="launchurl1()[pri:0, instance:testpackage.Testclass@2bbf180e]" started-at="2026-05-11T12:00:56 IST" name="launchurl1" finished-at="2026-05-11T12:01:02 IST" duration-ms="5498" status="PASS">
          <reporter-output>
          </reporter-output>
        </test-method> <!-- launchurl1 -->
      </class> <!-- testpackage.Testclass -->
    </test> <!-- Surefire test -->
  </suite> <!-- Surefire suite -->
</testng-results>
