<?xml version="1.0" encoding="UTF-8"?>
<testng-results ignored="0" total="1" passed="1" failed="0" skipped="0">
  <reporter-output>
  </reporter-output>
  <suite started-at="2026-05-11T11:59:47 IST" name="Suite" finished-at="2026-05-11T11:59:52 IST" duration-ms="4431">
    <groups>
    </groups>
    <test started-at="2026-05-11T11:59:47 IST" name="Test" finished-at="2026-05-11T11:59:52 IST" duration-ms="4431">
      <class name="testpackage.Testclass">
        <test-method signature="launchurl1()[pri:0, instance:testpackage.Testclass@2a4fb17b]" started-at="2026-05-11T11:59:48 IST" name="launchurl1" finished-at="2026-05-11T11:59:52 IST" duration-ms="4404" status="PASS">
          <reporter-output>
          </reporter-output>
        </test-method> <!-- launchurl1 -->
      </class> <!-- testpackage.Testclass -->
    </test> <!-- Test -->
  </suite> <!-- Suite -->
</testng-results>
